Arguments: 
  /Users/jasloe/.nvm/versions/node/v14.15.3/bin/node /usr/local/Cellar/yarn/1.22.10/libexec/bin/yarn.js init

PATH: 
  /Users/jasloe/.rvm/gems/ruby-2.7.0/bin:/Users/jasloe/.rvm/gems/ruby-2.7.0@global/bin:/Users/jasloe/.rvm/rubies/ruby-2.7.0/bin:/usr/local/opt/php@7.4/sbin:/usr/local/opt/php@7.4/bin:/usr/local/sbin:/Users/jasloe/.cabal/bin:/Users/jasloe/.ghcup/bin:/Users/jasloe/.plenv/shims:/Users/jasloe/.nvm/versions/node/v14.15.3/bin:/Users/jasloe/bin:/usr/local/bin:/Users/jasloe/.plenv/shims:/Users/jasloe/.plenv/bin:/Library/Frameworks/Python.framework/Versions/3.7/bin:/usr/local/bin:/usr/bin:/bin:/usr/sbin:/sbin:/Users/jasloe/.rvm/gems/ruby-2.7.0/bin:/Users/jasloe/.rvm/gems/ruby-2.7.0@global/bin:/Users/jasloe/.rvm/rubies/ruby-2.7.0/bin:/usr/local/opt/php@7.4/sbin:/usr/local/opt/php@7.4/bin:/usr/local/sbin:/Users/jasloe/.cabal/bin:/Users/jasloe/.ghcup/bin:/Users/jasloe/.plenv/shims:/Users/jasloe/.nvm/versions/node/v14.15.3/bin:/Users/jasloe/bin:/Users/jasloe/.plenv/bin:/Library/Frameworks/Python.framework/Versions/3.7/bin:/usr/local/bin/composer:/Users/jrl/.plenv/versions/5.22.0/bin:/Users/jasloe/.rvm/bin:/usr/local/bin/composer:/Users/jrl/.plenv/versions/5.22.0/bin:/Users/jasloe/.rvm/bin

Yarn version: 
  1.22.10

Node version: 
  14.15.3

Platform: 
  darwin x64

Trace: 
  Error: canceled
      at Interface.<anonymous> (/usr/local/Cellar/yarn/1.22.10/libexec/lib/cli.js:137009:13)
      at Interface.emit (events.js:315:20)
      at Interface._ttyWrite (readline.js:875:16)
      at ReadStream.onkeypress (readline.js:213:10)
      at ReadStream.emit (events.js:315:20)
      at emitKeys (internal/readline/utils.js:345:14)
      at emitKeys.next (<anonymous>)
      at ReadStream.onData (readline.js:1144:36)
      at ReadStream.emit (events.js:315:20)
      at addChunk (internal/streams/readable.js:309:12)

npm manifest: 
  {
    "devDependencies": {
      "prettier": "2.3.2"
    }
  }

yarn manifest: 
  No manifest

Lockfile: 
  # THIS IS AN AUTOGENERATED FILE. DO NOT EDIT THIS FILE DIRECTLY.
  # yarn lockfile v1
  
  
  prettier@2.3.2:
    version "2.3.2"
    resolved "https://registry.yarnpkg.com/prettier/-/prettier-2.3.2.tgz#ef280a05ec253712e486233db5c6f23441e7342d"
    integrity sha512-lnJzDfJ66zkMy58OL5/NY5zp70S7Nz6KqcKkXYzn2tMVrNxvbqaBpg7H3qHaLxCJ5lNMsGuM8+ohS7cZrthdLQ==
